{
"contracts/erc20.sol":{"l":{"18":0,"19":0,"20":0,"23":0,"24":0,"28":0,"29":0,"34":0,"37":0,"41":0,"42":0,"44":0,"48":0},"path":"/home/atulraj/hardhat-erc20/contracts/erc20.sol","s":{"1":0,"2":0,"3":0,"4":0,"5":0,"6":0,"7":0,"8":0},"b":{"1":[0,0],"2":[0,0],"3":[0,0],"4":[0,0],"5":[0,0]},"f":{"1":0,"2":0,"3":0,"4":0,"5":0,"6":0,"7":0},"fnMap":{"1":{"name":"constructor","line":17,"loc":{"start":{"line":17,"column":4},"end":{"line":21,"column":4}}},"2":{"name":"onlyOwner","line":22,"loc":{"start":{"line":22,"column":4},"end":{"line":25,"column":4}}},"3":{"name":"_mint","line":27,"loc":{"start":{"line":27,"column":6},"end":{"line":30,"column":4}}},"4":{"name":"mintMinerReward","line":33,"loc":{"start":{"line":33,"column":4},"end":{"line":35,"column":4}}},"5":{"name":"setBlockReward","line":36,"loc":{"start":{"line":36,"column":4},"end":{"line":38,"column":4}}},"6":{"name":"_beforeTokenTransfer","line":40,"loc":{"start":{"line":40,"column":4},"end":{"line":45,"column":4}}},"7":{"name":"destroyToken","line":47,"loc":{"start":{"line":47,"column":4},"end":{"line":49,"column":4}}}},"statementMap":{"1":{"start":{"line":19,"column":8},"end":{"line":19,"column":50}},"2":{"start":{"line":23,"column":8},"end":{"line":23,"column":65}},"3":{"start":{"line":28,"column":8},"end":{"line":28,"column":82}},"4":{"start":{"line":29,"column":8},"end":{"line":29,"column":35}},"5":{"start":{"line":34,"column":8},"end":{"line":34,"column":43}},"6":{"start":{"line":41,"column":8},"end":{"line":41,"column":1341}},"7":{"start":{"line":42,"column":8},"end":{"line":42,"column":24}},"8":{"start":{"line":48,"column":8},"end":{"line":48,"column":28}}},"branchMap":{"1":{"line":23,"type":"if","locations":[{"start":{"line":23,"column":8},"end":{"line":23,"column":8}},{"start":{"line":23,"column":8},"end":{"line":23,"column":8}}]},"2":{"line":28,"type":"if","locations":[{"start":{"line":28,"column":8},"end":{"line":28,"column":8}},{"start":{"line":28,"column":8},"end":{"line":28,"column":8}}]},"3":{"line":36,"type":"if","locations":[{"start":{"line":36,"column":48},"end":{"line":36,"column":48}},{"start":{"line":36,"column":48},"end":{"line":36,"column":48}}]},"4":{"line":41,"type":"if","locations":[{"start":{"line":41,"column":8},"end":{"line":41,"column":8}},{"start":{"line":41,"column":8},"end":{"line":41,"column":8}}]},"5":{"line":47,"type":"if","locations":[{"start":{"line":47,"column":35},"end":{"line":47,"column":35}},{"start":{"line":47,"column":35},"end":{"line":47,"column":35}}]}}}}
