TN:
SF:/home/atulraj/hardhat-erc20/contracts/erc20.sol
FN:17,constructor
FN:22,onlyOwner
FN:27,_mint
FN:33,mintMinerReward
FN:36,setBlockReward
FN:40,_beforeTokenTransfer
FN:47,destroyToken
FNF:7
FNH:0
FNDA:0,constructor
FNDA:0,onlyOwner
FNDA:0,_mint
FNDA:0,mintMinerReward
FNDA:0,setBlockReward
FNDA:0,_beforeTokenTransfer
FNDA:0,destroyToken
DA:18,0
DA:19,0
DA:20,0
DA:23,0
DA:24,0
DA:28,0
DA:29,0
DA:34,0
DA:37,0
DA:41,0
DA:42,0
DA:44,0
DA:48,0
LF:13
LH:0
BRDA:23,1,0,0
BRDA:23,1,1,0
BRDA:28,2,0,0
BRDA:28,2,1,0
BRDA:36,3,0,0
BRDA:36,3,1,0
BRDA:41,4,0,0
BRDA:41,4,1,0
BRDA:47,5,0,0
BRDA:47,5,1,0
BRF:10
BRH:0
end_of_record
